<?xml version="1.0" encoding="UTF-8"?>
<testsuite xmlns:xsi="http://www.w3.org/2001/XMLSchema-instance" xsi:noNamespaceSchemaLocation="https://maven.apache.org/surefire/maven-surefire-plugin/xsd/surefire-test-report-3.0.xsd" version="3.0" name="com.niine.serverless.apiservice.StreamLambdaHandlerTest" time="1.931" tests="1" errors="0" skipped="0" failures="0">
  <properties>
[...]
</properties>
  <testcase name="invalidResource_streamRequest_responds404" classname="com.niine.serverless.apiservice.StreamLambdaHandlerTest" time="0.104">
    <system-out><![CDATA[14:36:22.588 [main] INFO com.amazonaws.serverless.proxy.internal.LambdaContainerHandler -- Starting Lambda Container Handler
Standard Commons Logging discovery in action with spring-jcl: please remove commons-logging.jar from classpath in order to avoid potential conflicts

  .   ____          _            __ _ _
 /\\ / ___'_ __ _ _(_)_ __  __ _ \ \ \ \
( ( )\___ | '_ | '_| | '_ \/ _` | \ \ \ \
 \\/  ___)| |_)| | | | | || (_| |  ) ) ) )
  '  |____| .__|_| |_|_| |_\__, | / / / /
 =========|_|==============|___/=/_/_/_/
 :: Spring Boot ::                (v3.2.7)

2025-01-20T14:36:24.315+05:30  WARN 14952 --- [           main] o.s.web.servlet.PageNotFound             : No mapping for GET /pong
2025-01-20T14:36:24.319+05:30  WARN 14952 --- [           main] o.s.web.servlet.PageNotFound             : No endpoint GET /pong.
Response: {"statusCode":404,"multiValueHeaders":{},"body":"","isBase64Encoded":false}
]]></system-out>
  </testcase>
</testsuite>